<?xml version="1.0" encoding="UTF-8"?>
<!-- Generated by org.testng.reporters.JUnitReportReporter -->
<testsuite hostname="user" failures="0" tests="1" name="com.ReqRes.API.Automation.E03_Post_createUser" time="2.442" errors="0" timestamp="2024-08-06T17:52:16 EEST" skipped="0">
  <testcase classname="com.ReqRes.API.Automation.E03_Post_createUser" name="valid_Post_createUser" time="2.442">
    <system-out>
      <![CDATA[
[0;7m------------------------------------------------------------------------------------------------------------------------------------------------
                                        Starting Execution: '1 out of 1' test cases in the current suite                                        
                               Test Method: 'com.ReqRes.API.Automation.E03_Post_createUser.valid_Post_createUser'                               
------------------------------------------------------------------------------------------------------------------------------------------------
[0m
[ReportManager] File Action "GetAbsolutePath" successfully performed. With the following test data "Relative Folder Path: "src/test/resources/testDataFiles/createUser.json"". @06-08-2024 17:52:13.0641 PM
[ReportManager] File Action "ReadFile" successfully performed. With the following test data "File Path: "D:\Extend_API_Automation\Extend_API_Automation\src\test\resources\testDataFiles\createUser.json"". @06-08-2024 17:52:13.0642 PM
[ReportManager] Response status code: "201", status line: "HTTP/1.1 201 Created" @06-08-2024 17:52:15.0303 PM
[ReportManager] Actual response status code "201" matches the expected one "201". @06-08-2024 17:52:15.0305 PM
[ReportManager] Handle response; POST | Target Status Code: 201 | Response Time: 573ms. @06-08-2024 17:52:15.0774 PM
[ReportManager] Assert that the API response Time is less than or equal to "2000". @06-08-2024 17:52:15.0791 PM
[ReportManager] Get response time; 573. @06-08-2024 17:52:15.0802 PM
[ReportManager] Expected "2000", and actual "573" @06-08-2024 17:52:15.0803 PM
[ReportManager] Expected "2000", and actual "573" @06-08-2024 17:52:15.0805 PM
[ReportManager] Assert that the API response Body contains "createdAt". @06-08-2024 17:52:15.0807 PM
[ReportManager] Expected "createdAt", and actual "{"id":13,"email":"test123@gmail.com","first_name":"Admin","last_name":"User","avatar":"https://reqres.in/img/faces/13-image.jpg","createdAt":"2024-08-06T14:52:16.172Z"}" @06-08-2024 17:52:15.0809 PM
[ReportManager] Expected "createdAt", and actual "{"id":13,"email":"test123@gmail.com","first_name":"Admin","last_name":"User","avatar":"https://reqres.in/img/faces/13-image.jpg","createdAt":"2024-08-06T14:52:16.172Z"}" @06-08-2024 17:52:15.0814 PM
[ReportManager] The user is created successfully @06-08-2024 17:52:15.0814 PM
[ReportManager] Assert that the API response extracted value from the JSON path "email" is equal to "test123@gmail.com". @06-08-2024 17:52:15.0816 PM
[ReportManager] Get response jsonvalue; email. @06-08-2024 17:52:15.0852 PM
[ReportManager] Expected "test123@gmail.com", and actual "test123@gmail.com" @06-08-2024 17:52:15.0854 PM
[ReportManager] Expected "test123@gmail.com", and actual "test123@gmail.com" @06-08-2024 17:52:15.0863 PM
[ReportManager] Check that user profile info has been completed Successfully @06-08-2024 17:52:15.0865 PM
[ReportManager] Assert that the API response extracted value from the JSON path "first_name" is equal to "Admin". @06-08-2024 17:52:15.0878 PM
[ReportManager] Get response jsonvalue; first_name. @06-08-2024 17:52:15.0884 PM
[ReportManager] Expected "Admin", and actual "Admin" @06-08-2024 17:52:15.0886 PM
[ReportManager] Expected "Admin", and actual "Admin" @06-08-2024 17:52:15.0887 PM
[ReportManager] Successfully created attachment 'SHAFT Engine Logs - Current Method log: valid_Post_createUser' @06-08-2024 17:52:15.0899 PM

[0;7m------------------------------------------------------------------------------------------------------------------------------------------------
                    Finished Execution of Test Method: 'com.ReqRes.API.Automation.E03_Post_createUser.valid_Post_createUser'                    
                                                              Test Status: 'Passed'                                                              
------------------------------------------------------------------------------------------------------------------------------------------------
[0m]]>
    </system-out>
  </testcase> <!-- valid_Post_createUser -->
  <system-out>
    <![CDATA[
[0;7m------------------------------------------------------------------------------------------------------------------------------------------------
                                                    Powered by [1mSHAFT v.8.3.20240803[22m                                                    
------------------------------------------------------------------------------------------------------------------------------------------------
[0m
[ReportManager] Checking for engine updates... @06-08-2024 17:52:13.0067 PM
[ReportManager] Initializing Summary Reporting Environment... @06-08-2024 17:52:13.0077 PM
[ReportManager] Initializing Allure Reporting Environment... @06-08-2024 17:52:13.0080 PM

[0;7m------------------------------------------------------------------------------------------------------------------------------------------------
                                             Starting execution of suite setup configuration method                                             
                                          'com.shaft.listeners.internal.ConfigurationHelper.suiteSetup'                                          
------------------------------------------------------------------------------------------------------------------------------------------------
[0m
[ReportManager] Initializing Important Links... @06-08-2024 17:52:13.0355 PM
[ReportManager] Initializing Properties... @06-08-2024 17:52:13.0367 PM

[0;7m------------------------------------------------------------------------------------------------------------------------------------------------
                                        Starting Execution: '1 out of 1' test cases in the current suite                                        
                               Test Method: 'com.ReqRes.API.Automation.E03_Post_createUser.valid_Post_createUser'                               
------------------------------------------------------------------------------------------------------------------------------------------------
[0m
[ReportManager] File Action "GetAbsolutePath" successfully performed. With the following test data "Relative Folder Path: "src/test/resources/testDataFiles/createUser.json"". @06-08-2024 17:52:13.0641 PM
[ReportManager] File Action "ReadFile" successfully performed. With the following test data "File Path: "D:\Extend_API_Automation\Extend_API_Automation\src\test\resources\testDataFiles\createUser.json"". @06-08-2024 17:52:13.0642 PM
[ReportManager] Response status code: "201", status line: "HTTP/1.1 201 Created" @06-08-2024 17:52:15.0303 PM
[ReportManager] Actual response status code "201" matches the expected one "201". @06-08-2024 17:52:15.0305 PM
[ReportManager] Handle response; POST | Target Status Code: 201 | Response Time: 573ms. @06-08-2024 17:52:15.0774 PM
[ReportManager] Assert that the API response Time is less than or equal to "2000". @06-08-2024 17:52:15.0791 PM
[ReportManager] Get response time; 573. @06-08-2024 17:52:15.0802 PM
[ReportManager] Expected "2000", and actual "573" @06-08-2024 17:52:15.0803 PM
[ReportManager] Expected "2000", and actual "573" @06-08-2024 17:52:15.0805 PM
[ReportManager] Assert that the API response Body contains "createdAt". @06-08-2024 17:52:15.0807 PM
[ReportManager] Expected "createdAt", and actual "{"id":13,"email":"test123@gmail.com","first_name":"Admin","last_name":"User","avatar":"https://reqres.in/img/faces/13-image.jpg","createdAt":"2024-08-06T14:52:16.172Z"}" @06-08-2024 17:52:15.0809 PM
[ReportManager] Expected "createdAt", and actual "{"id":13,"email":"test123@gmail.com","first_name":"Admin","last_name":"User","avatar":"https://reqres.in/img/faces/13-image.jpg","createdAt":"2024-08-06T14:52:16.172Z"}" @06-08-2024 17:52:15.0814 PM
[ReportManager] The user is created successfully @06-08-2024 17:52:15.0814 PM
[ReportManager] Assert that the API response extracted value from the JSON path "email" is equal to "test123@gmail.com". @06-08-2024 17:52:15.0816 PM
[ReportManager] Get response jsonvalue; email. @06-08-2024 17:52:15.0852 PM
[ReportManager] Expected "test123@gmail.com", and actual "test123@gmail.com" @06-08-2024 17:52:15.0854 PM
[ReportManager] Expected "test123@gmail.com", and actual "test123@gmail.com" @06-08-2024 17:52:15.0863 PM
[ReportManager] Check that user profile info has been completed Successfully @06-08-2024 17:52:15.0865 PM
[ReportManager] Assert that the API response extracted value from the JSON path "first_name" is equal to "Admin". @06-08-2024 17:52:15.0878 PM
[ReportManager] Get response jsonvalue; first_name. @06-08-2024 17:52:15.0884 PM
[ReportManager] Expected "Admin", and actual "Admin" @06-08-2024 17:52:15.0886 PM
[ReportManager] Expected "Admin", and actual "Admin" @06-08-2024 17:52:15.0887 PM
[ReportManager] Successfully created attachment 'SHAFT Engine Logs - Current Method log: valid_Post_createUser' @06-08-2024 17:52:15.0899 PM

[0;7m------------------------------------------------------------------------------------------------------------------------------------------------
                    Finished Execution of Test Method: 'com.ReqRes.API.Automation.E03_Post_createUser.valid_Post_createUser'                    
                                                              Test Status: 'Passed'                                                              
------------------------------------------------------------------------------------------------------------------------------------------------
[0m

[0;7m------------------------------------------------------------------------------------------------------------------------------------------------
                                           Starting execution of engine tear down configuration method                                           
                                        'com.shaft.listeners.internal.ConfigurationHelper.engineTearDown'                                        
------------------------------------------------------------------------------------------------------------------------------------------------
[0m
[ReportManager] Successfully created attachment 'SHAFT Engine Logs - Execution log' @06-08-2024 17:52:15.0994 PM
[ReportManager] Successfully created attachment 'SHAFT Engine Logs - Execution log: 20240806-175215' @06-08-2024 17:52:15.0997 PM
[ReportManager] Successfully created attachment 'HTML - Checkpoints Report' @06-08-2024 17:52:16.0003 PM]]>
  </system-out>
</testsuite> <!-- com.ReqRes.API.Automation.E03_Post_createUser -->
