<?xml version="1.0" encoding="UTF-8"?>
<!-- Generated by org.testng.reporters.JUnitReportReporter -->
<testsuite hostname="user" failures="0" tests="1" name="com.ReqRes.API.Automation.E02_Get_fetchUserID" time="2.624" errors="0" timestamp="2024-08-05T15:23:38 EEST" skipped="0">
  <testcase classname="com.ReqRes.API.Automation.E02_Get_fetchUserID" name="valid_Get_UserDataByID" time="2.624">
    <system-out>
      <![CDATA[
[0;7m------------------------------------------------------------------------------------------------------------------------------------------------
                                        Starting Execution: '1 out of 1' test cases in the current suite                                        
                               Test Method: 'com.ReqRes.API.Automation.E02_Get_fetchUserID.valid_Get_UserDataByID'                               
------------------------------------------------------------------------------------------------------------------------------------------------
[0m
[ReportManager] Response status code: "200", status line: "HTTP/1.1 200 OK" @05-08-2024 15:23:37.0859 PM
[ReportManager] Actual response status code "200" matches the expected one "200". @05-08-2024 15:23:37.0861 PM
[ReportManager] Handle response; GET | Target Status Code: 200 | Response Time: 562ms. @05-08-2024 15:23:38.0421 PM
[ReportManager] Assert that the API response Body contains "data". @05-08-2024 15:23:38.0436 PM
[ReportManager] Expected "data", and actual "{"data":{"id":1,"email":"george.bluth@reqres.in","first_name":"George","last_name":"Bluth","avatar":"https://reqres.in/img/faces/1-image.jpg"},"support":{"url":"https://reqres.in/#support-heading","text":"To keep ReqRes free, contributions towards server costs are appreciated!"}}" @05-08-2024 15:23:38.0446 PM
[ReportManager] Expected "data", and actual "{"data":{"id":1,"email":"george.bluth@reqres.in","first_name":"George","last_name":"Bluth","avatar":"https://reqres.in/img/faces/1-image.jpg"},"support":{"url":"https://reqres.in/#support-heading","text":"To keep ReqRes free, contributions towards server costs are appreciated!"}}" @05-08-2024 15:23:38.0449 PM
[ReportManager] Assert that the API response extracted value from the JSON path "data.id" is equal to "3". @05-08-2024 15:23:38.0450 PM
[ReportManager] Get response jsonvalue; data.id. @05-08-2024 15:23:38.0485 PM
[ReportManager] Expected "3", and actual "1" @05-08-2024 15:23:38.0486 PM
[ReportManager] Expected "3", and actual "1" @05-08-2024 15:23:38.0494 PM
[ReportManager] Assert that the API response Body contains "first_name". @05-08-2024 15:23:38.0495 PM
[ReportManager] Expected "first_name", and actual "{"data":{"id":1,"email":"george.bluth@reqres.in","first_name":"George","last_name":"Bluth","avatar":"https://reqres.in/img/faces/1-image.jpg"},"support":{"url":"https://reqres.in/#support-heading","text":"To keep ReqRes free, contributions towards server costs are appreciated!"}}" @05-08-2024 15:23:38.0496 PM
[ReportManager] Expected "first_name", and actual "{"data":{"id":1,"email":"george.bluth@reqres.in","first_name":"George","last_name":"Bluth","avatar":"https://reqres.in/img/faces/1-image.jpg"},"support":{"url":"https://reqres.in/#support-heading","text":"To keep ReqRes free, contributions towards server costs are appreciated!"}}" @05-08-2024 15:23:38.0497 PM
[ReportManager] Assert that the API response Body contains "email". @05-08-2024 15:23:38.0499 PM
[ReportManager] Expected "email", and actual "{"data":{"id":1,"email":"george.bluth@reqres.in","first_name":"George","last_name":"Bluth","avatar":"https://reqres.in/img/faces/1-image.jpg"},"support":{"url":"https://reqres.in/#support-heading","text":"To keep ReqRes free, contributions towards server costs are appreciated!"}}" @05-08-2024 15:23:38.0500 PM
[ReportManager] Expected "email", and actual "{"data":{"id":1,"email":"george.bluth@reqres.in","first_name":"George","last_name":"Bluth","avatar":"https://reqres.in/img/faces/1-image.jpg"},"support":{"url":"https://reqres.in/#support-heading","text":"To keep ReqRes free, contributions towards server costs are appreciated!"}}" @05-08-2024 15:23:38.0501 PM
[ReportManager] Assert that the API response Time is less than or equal to "3000". @05-08-2024 15:23:38.0503 PM
[ReportManager] Get response time; 562. @05-08-2024 15:23:38.0503 PM
[ReportManager] Expected "3000", and actual "562" @05-08-2024 15:23:38.0505 PM
[ReportManager] Expected "3000", and actual "562" @05-08-2024 15:23:38.0506 PM
[ReportManager] Successfully created attachment 'SHAFT Engine Logs - Current Method log: valid_Get_UserDataByID' @05-08-2024 15:23:38.0512 PM

[0;7m------------------------------------------------------------------------------------------------------------------------------------------------
                    Finished Execution of Test Method: 'com.ReqRes.API.Automation.E02_Get_fetchUserID.valid_Get_UserDataByID'                    
                                                              Test Status: 'Passed'                                                              
------------------------------------------------------------------------------------------------------------------------------------------------
[0m]]>
    </system-out>
  </testcase> <!-- valid_Get_UserDataByID -->
  <system-out>
    <![CDATA[
[0;7m------------------------------------------------------------------------------------------------------------------------------------------------
                                                    Powered by [1mSHAFT v.8.3.20240803[22m                                                    
------------------------------------------------------------------------------------------------------------------------------------------------
[0m
[ReportManager] Checking for engine updates... @05-08-2024 15:23:35.0499 PM
[ReportManager] Initializing Summary Reporting Environment... @05-08-2024 15:23:35.0523 PM
[ReportManager] Initializing Allure Reporting Environment... @05-08-2024 15:23:35.0525 PM

[0;7m------------------------------------------------------------------------------------------------------------------------------------------------
                                             Starting execution of suite setup configuration method                                             
                                          'com.shaft.listeners.internal.ConfigurationHelper.suiteSetup'                                          
------------------------------------------------------------------------------------------------------------------------------------------------
[0m
[ReportManager] Initializing Important Links... @05-08-2024 15:23:35.0792 PM
[ReportManager] Initializing Properties... @05-08-2024 15:23:35.0803 PM

[0;7m------------------------------------------------------------------------------------------------------------------------------------------------
                                        Starting Execution: '1 out of 1' test cases in the current suite                                        
                               Test Method: 'com.ReqRes.API.Automation.E02_Get_fetchUserID.valid_Get_UserDataByID'                               
------------------------------------------------------------------------------------------------------------------------------------------------
[0m
[ReportManager] Response status code: "200", status line: "HTTP/1.1 200 OK" @05-08-2024 15:23:37.0859 PM
[ReportManager] Actual response status code "200" matches the expected one "200". @05-08-2024 15:23:37.0861 PM
[ReportManager] Handle response; GET | Target Status Code: 200 | Response Time: 562ms. @05-08-2024 15:23:38.0421 PM
[ReportManager] Assert that the API response Body contains "data". @05-08-2024 15:23:38.0436 PM
[ReportManager] Expected "data", and actual "{"data":{"id":1,"email":"george.bluth@reqres.in","first_name":"George","last_name":"Bluth","avatar":"https://reqres.in/img/faces/1-image.jpg"},"support":{"url":"https://reqres.in/#support-heading","text":"To keep ReqRes free, contributions towards server costs are appreciated!"}}" @05-08-2024 15:23:38.0446 PM
[ReportManager] Expected "data", and actual "{"data":{"id":1,"email":"george.bluth@reqres.in","first_name":"George","last_name":"Bluth","avatar":"https://reqres.in/img/faces/1-image.jpg"},"support":{"url":"https://reqres.in/#support-heading","text":"To keep ReqRes free, contributions towards server costs are appreciated!"}}" @05-08-2024 15:23:38.0449 PM
[ReportManager] Assert that the API response extracted value from the JSON path "data.id" is equal to "3". @05-08-2024 15:23:38.0450 PM
[ReportManager] Get response jsonvalue; data.id. @05-08-2024 15:23:38.0485 PM
[ReportManager] Expected "3", and actual "1" @05-08-2024 15:23:38.0486 PM
[ReportManager] Expected "3", and actual "1" @05-08-2024 15:23:38.0494 PM
[ReportManager] Assert that the API response Body contains "first_name". @05-08-2024 15:23:38.0495 PM
[ReportManager] Expected "first_name", and actual "{"data":{"id":1,"email":"george.bluth@reqres.in","first_name":"George","last_name":"Bluth","avatar":"https://reqres.in/img/faces/1-image.jpg"},"support":{"url":"https://reqres.in/#support-heading","text":"To keep ReqRes free, contributions towards server costs are appreciated!"}}" @05-08-2024 15:23:38.0496 PM
[ReportManager] Expected "first_name", and actual "{"data":{"id":1,"email":"george.bluth@reqres.in","first_name":"George","last_name":"Bluth","avatar":"https://reqres.in/img/faces/1-image.jpg"},"support":{"url":"https://reqres.in/#support-heading","text":"To keep ReqRes free, contributions towards server costs are appreciated!"}}" @05-08-2024 15:23:38.0497 PM
[ReportManager] Assert that the API response Body contains "email". @05-08-2024 15:23:38.0499 PM
[ReportManager] Expected "email", and actual "{"data":{"id":1,"email":"george.bluth@reqres.in","first_name":"George","last_name":"Bluth","avatar":"https://reqres.in/img/faces/1-image.jpg"},"support":{"url":"https://reqres.in/#support-heading","text":"To keep ReqRes free, contributions towards server costs are appreciated!"}}" @05-08-2024 15:23:38.0500 PM
[ReportManager] Expected "email", and actual "{"data":{"id":1,"email":"george.bluth@reqres.in","first_name":"George","last_name":"Bluth","avatar":"https://reqres.in/img/faces/1-image.jpg"},"support":{"url":"https://reqres.in/#support-heading","text":"To keep ReqRes free, contributions towards server costs are appreciated!"}}" @05-08-2024 15:23:38.0501 PM
[ReportManager] Assert that the API response Time is less than or equal to "3000". @05-08-2024 15:23:38.0503 PM
[ReportManager] Get response time; 562. @05-08-2024 15:23:38.0503 PM
[ReportManager] Expected "3000", and actual "562" @05-08-2024 15:23:38.0505 PM
[ReportManager] Expected "3000", and actual "562" @05-08-2024 15:23:38.0506 PM
[ReportManager] Successfully created attachment 'SHAFT Engine Logs - Current Method log: valid_Get_UserDataByID' @05-08-2024 15:23:38.0512 PM

[0;7m------------------------------------------------------------------------------------------------------------------------------------------------
                    Finished Execution of Test Method: 'com.ReqRes.API.Automation.E02_Get_fetchUserID.valid_Get_UserDataByID'                    
                                                              Test Status: 'Passed'                                                              
------------------------------------------------------------------------------------------------------------------------------------------------
[0m

[0;7m------------------------------------------------------------------------------------------------------------------------------------------------
                                           Starting execution of engine tear down configuration method                                           
                                        'com.shaft.listeners.internal.ConfigurationHelper.engineTearDown'                                        
------------------------------------------------------------------------------------------------------------------------------------------------
[0m
[ReportManager] Successfully created attachment 'SHAFT Engine Logs - Execution log' @05-08-2024 15:23:38.0681 PM
[ReportManager] Successfully created attachment 'SHAFT Engine Logs - Execution log: 20240805-152338' @05-08-2024 15:23:38.0683 PM
[ReportManager] Successfully created attachment 'HTML - Checkpoints Report' @05-08-2024 15:23:38.0688 PM]]>
  </system-out>
</testsuite> <!-- com.ReqRes.API.Automation.E02_Get_fetchUserID -->
